<!DOCTYPE suite SYSTEM "http://testng.org/testng-1.0.dtd" >
<suite name="mizu-ui-automation" configfailurepolicy="continue">
    <test name="mizu-ui-login-tests">
        <classes>

        </classes>
    </test>
</suite>